Change component parameters: Designator = "S1"; Footprint = "SA"; UniqueID = "\XNQPGEIN"
Change component parameters. Clean all parameters for all variants
Change component parameters (AddParameter): Name = "Actuator Type"; Value = "Round, Plunger, Flush"; VariantName = "[No Variations]"
Change component parameters (AddParameter): Name = "Category"; Value = "Switches"; VariantName = "[No Variations]"
Change component parameters (AddParameter): Name = "Circuit"; Value = "SPST-NO"; VariantName = "[No Variations]"
Change component parameters (AddParameter): Name = "Color - Actuator/Cap"; Value = "White"; VariantName = "[No Variations]"
Change component parameters (AddParameter): Name = "ComponentLink1Description"; Value = "http://www.ckswitches.com/media/1408/ep.pdf"; VariantName = "[No Variations]"
Change component parameters (AddParameter): Name = "ComponentLink1URL"; Value = "http://www.ckswitches.com/media/1408/ep.pdf"; VariantName = "[No Variations]"
Change component parameters (AddParameter): Name = "Current Rating"; Value = "0.4VA (AC/DC)"; VariantName = "[No Variations]"
Change component parameters (AddParameter): Name = "Electrical Life"; Value = "60,000 Cycles"; VariantName = "[No Variations]"
Change component parameters (AddParameter): Name = "Features"; Value = "Epoxy Sealed Terminals"; VariantName = "[No Variations]"
Change component parameters (AddParameter): Name = "Illumination Type, Color"; Value = "-"; VariantName = "[No Variations]"
Change component parameters (AddParameter): Name = "Illumination Voltage (Nominal)"; Value = "-"; VariantName = "[No Variations]"
Change component parameters (AddParameter): Name = "Ingress Protection"; Value = "IP57 - Dust Protected, Waterproof"; VariantName = "[No Variations]"
Change component parameters (AddParameter): Name = "Manufacturer"; Value = "C&K"; VariantName = "[No Variations]"
Change component parameters (AddParameter): Name = "Manufacturer Part Number"; Value = "EP11FPD1SAPE(T&R)"; VariantName = "[No Variations]"
Change component parameters (AddParameter): Name = "Mechanical Life"; Value = "-"; VariantName = "[No Variations]"
Change component parameters (AddParameter): Name = "Mounting Type"; Value = "Surface Mount, Right Angle"; VariantName = "[No Variations]"
Change component parameters (AddParameter): Name = "Operating Temperature"; Value = "-30°C ~ 85°C"; VariantName = "[No Variations]"
Change component parameters (AddParameter): Name = "Packaging"; Value = "Cut Tape (CT)"; VariantName = "[No Variations]"
Change component parameters (AddParameter): Name = "Panel Cutout Dimensions"; Value = "-"; VariantName = "[No Variations]"
Change component parameters (AddParameter): Name = "Part Status"; Value = "Active"; VariantName = "[No Variations]"
Change component parameters (AddParameter): Name = "Pricing 1"; Value = "1=5, 10=4.759, 25=4.5208, 50=4.4018, 100=4.2827, 250=4.0448 (USD)"; VariantName = "[No Variations]"
Change component parameters (AddParameter): Name = "RoHS"; Value = "RoHS Compliant"; VariantName = "[No Variations]"
Change component parameters (AddParameter): Name = "Stock 1"; Value = "2128"; VariantName = "[No Variations]"
Change component parameters (AddParameter): Name = "Supplier 1"; Value = "Digi-Key"; VariantName = "[No Variations]"
Change component parameters (AddParameter): Name = "Supplier Part Number 1"; Value = "CKN9051CT-ND"; VariantName = "[No Variations]"
Change component parameters (AddParameter): Name = "Switch Function"; Value = "Off-Mom"; VariantName = "[No Variations]"
Change component parameters (AddParameter): Name = "Termination Style"; Value = "Gull Wing"; VariantName = "[No Variations]"
Change component parameters (AddParameter): Name = "Type"; Value = "Standard"; VariantName = "[No Variations]"
Change component parameters (AddParameter): Name = "Voltage Rating - AC"; Value = "20V"; VariantName = "[No Variations]"
Change component parameters (AddParameter): Name = "Voltage Rating - DC"; Value = "20V"; VariantName = "[No Variations]"
Change component parameters: Designator = "S2"; Footprint = "SA"; UniqueID = "\PAIQEBAO"
Change component parameters. Clean all parameters for all variants
Change component parameters (AddParameter): Name = "Actuator Type"; Value = "Round, Plunger, Flush"; VariantName = "[No Variations]"
Change component parameters (AddParameter): Name = "Category"; Value = "Switches"; VariantName = "[No Variations]"
Change component parameters (AddParameter): Name = "Circuit"; Value = "SPST-NO"; VariantName = "[No Variations]"
Change component parameters (AddParameter): Name = "Color - Actuator/Cap"; Value = "White"; VariantName = "[No Variations]"
Change component parameters (AddParameter): Name = "ComponentLink1Description"; Value = "http://www.ckswitches.com/media/1408/ep.pdf"; VariantName = "[No Variations]"
Change component parameters (AddParameter): Name = "ComponentLink1URL"; Value = "http://www.ckswitches.com/media/1408/ep.pdf"; VariantName = "[No Variations]"
Change component parameters (AddParameter): Name = "Current Rating"; Value = "0.4VA (AC/DC)"; VariantName = "[No Variations]"
Change component parameters (AddParameter): Name = "Electrical Life"; Value = "60,000 Cycles"; VariantName = "[No Variations]"
Change component parameters (AddParameter): Name = "Features"; Value = "Epoxy Sealed Terminals"; VariantName = "[No Variations]"
Change component parameters (AddParameter): Name = "Illumination Type, Color"; Value = "-"; VariantName = "[No Variations]"
Change component parameters (AddParameter): Name = "Illumination Voltage (Nominal)"; Value = "-"; VariantName = "[No Variations]"
Change component parameters (AddParameter): Name = "Ingress Protection"; Value = "IP57 - Dust Protected, Waterproof"; VariantName = "[No Variations]"
Change component parameters (AddParameter): Name = "Manufacturer"; Value = "C&K"; VariantName = "[No Variations]"
Change component parameters (AddParameter): Name = "Manufacturer Part Number"; Value = "EP11FPD1SAPE(T&R)"; VariantName = "[No Variations]"
Change component parameters (AddParameter): Name = "Mechanical Life"; Value = "-"; VariantName = "[No Variations]"
Change component parameters (AddParameter): Name = "Mounting Type"; Value = "Surface Mount, Right Angle"; VariantName = "[No Variations]"
Change component parameters (AddParameter): Name = "Operating Temperature"; Value = "-30°C ~ 85°C"; VariantName = "[No Variations]"
Change component parameters (AddParameter): Name = "Packaging"; Value = "Cut Tape (CT)"; VariantName = "[No Variations]"
Change component parameters (AddParameter): Name = "Panel Cutout Dimensions"; Value = "-"; VariantName = "[No Variations]"
Change component parameters (AddParameter): Name = "Part Status"; Value = "Active"; VariantName = "[No Variations]"
Change component parameters (AddParameter): Name = "Pricing 1"; Value = "1=5, 10=4.759, 25=4.5208, 50=4.4018, 100=4.2827, 250=4.0448 (USD)"; VariantName = "[No Variations]"
Change component parameters (AddParameter): Name = "RoHS"; Value = "RoHS Compliant"; VariantName = "[No Variations]"
Change component parameters (AddParameter): Name = "Stock 1"; Value = "2128"; VariantName = "[No Variations]"
Change component parameters (AddParameter): Name = "Supplier 1"; Value = "Digi-Key"; VariantName = "[No Variations]"
Change component parameters (AddParameter): Name = "Supplier Part Number 1"; Value = "CKN9051CT-ND"; VariantName = "[No Variations]"
Change component parameters (AddParameter): Name = "Switch Function"; Value = "Off-Mom"; VariantName = "[No Variations]"
Change component parameters (AddParameter): Name = "Termination Style"; Value = "Gull Wing"; VariantName = "[No Variations]"
Change component parameters (AddParameter): Name = "Type"; Value = "Standard"; VariantName = "[No Variations]"
Change component parameters (AddParameter): Name = "Voltage Rating - AC"; Value = "20V"; VariantName = "[No Variations]"
Change component parameters (AddParameter): Name = "Voltage Rating - DC"; Value = "20V"; VariantName = "[No Variations]"
Added Pin To Net: NetName=GND Pin=S1-1
Added Pin To Net: NetName=NetR9_2 Pin=S1-2
Added Pin To Net: NetName=GND Pin=S2-1
Added Pin To Net: NetName=NetR10_2 Pin=S2-2
Added Member To Class: ClassName=HeatMapNodeV1 Member=Component S1 SW-PB
Added Member To Class: ClassName=HeatMapNodeV1 Member=Component S2 SW-PB
