[0829/130731:WARNING:backend_impl.cc(1807)] Destroying invalid entry.
[0829/134348:ERROR:ipc_channel_win.cc(217)] pipe error: 109
[0829/134509:ERROR:ipc_channel_win.cc(217)] pipe error: 109
[0829/134529:ERROR:ipc_channel_win.cc(217)] pipe error: 109
[0829/134550:ERROR:ipc_channel_win.cc(217)] pipe error: 109
[0829/134617:ERROR:ipc_channel_win.cc(217)] pipe error: 109
[0829/134635:ERROR:ipc_channel_win.cc(217)] pipe error: 109
[0829/134648:ERROR:ipc_channel_win.cc(217)] pipe error: 109
[0829/135116:ERROR:ipc_channel_win.cc(217)] pipe error: 109
[0829/135134:ERROR:ipc_channel_win.cc(217)] pipe error: 109
[0830/104806:ERROR:ipc_channel_win.cc(217)] pipe error: 109
[0830/104826:ERROR:ipc_channel_win.cc(217)] pipe error: 109
[0830/104837:ERROR:ipc_channel_win.cc(217)] pipe error: 109
[0830/105019:ERROR:ipc_channel_win.cc(217)] pipe error: 109
[0830/105954:ERROR:ipc_channel_win.cc(217)] pipe error: 109
[0904/210752:ERROR:tcp_socket_win.cc(335)] bind() returned an error: Only one usage of each socket address (protocol/network address/port) is normally permitted. (0x2740)
[0904/210752:ERROR:devtools_http_handler.cc(229)] Cannot start http server for devtools. Stop devtools.
[0905/121533:WARNING:dns_config_service_win.cc(665)] Failed to read DnsConfig.
[0913/222331:ERROR:ipc_channel_win.cc(217)] pipe error: 109
[0913/222754:ERROR:ipc_channel_win.cc(217)] pipe error: 109
[0913/223246:ERROR:ipc_channel_win.cc(217)] pipe error: 109
